{"level":"info","timestamp":"2025-01-23T23:43:07.570+0700","caller":"/home/pebble/Projects/gofood-clone/config/zap.go:51","message":"Logger initialized"}
{"level":"warn","timestamp":"2025-01-23T23:43:09.203+0700","caller":"/home/pebble/Projects/gofood-clone/service/user_service.go:87","message":"invalid password"}
{"level":"warn","timestamp":"2025-01-23T23:43:26.800+0700","caller":"/home/pebble/Projects/gofood-clone/service/user_service.go:87","message":"invalid password"}
{"level":"info","timestamp":"2025-01-23T23:45:19.638+0700","caller":"/home/pebble/Projects/gofood-clone/config/zap.go:51","message":"Logger initialized"}
{"level":"warn","timestamp":"2025-01-23T23:45:23.386+0700","caller":"/home/pebble/Projects/gofood-clone/service/user_service.go:87","message":"invalid password"}
{"level":"info","timestamp":"2025-01-23T23:45:42.227+0700","caller":"/home/pebble/Projects/gofood-clone/config/zap.go:51","message":"Logger initialized"}
{"level":"info","timestamp":"2025-01-23T23:45:48.372+0700","caller":"/home/pebble/Projects/gofood-clone/handler/user_handler.go:74","message":"OK","User logged in":"bagas"}
{"level":"error","timestamp":"2025-01-23T23:53:01.336+0700","caller":"/home/pebble/Projects/gofood-clone/handler/user_handler.go:79","message":"Method Not Allowed","stacktrace":"github.com/bagasadiii/gofood-clone/handler.(*UserHandler).GetUserHandler\n\t/home/pebble/Projects/gofood-clone/handler/user_handler.go:79\nnet/http.HandlerFunc.ServeHTTP\n\t/usr/lib/go/src/net/http/server.go:2220\ngithub.com/gorilla/mux.(*Router).ServeHTTP\n\t/home/pebble/go/pkg/mod/github.com/gorilla/mux@v1.8.1/mux.go:212\nnet/http.serverHandler.ServeHTTP\n\t/usr/lib/go/src/net/http/server.go:3210\nnet/http.(*conn).serve\n\t/usr/lib/go/src/net/http/server.go:2092"}
{"level":"info","timestamp":"2025-01-23T23:53:05.650+0700","caller":"/home/pebble/Projects/gofood-clone/repository/user_repository.go:66","message":"User fetched","Username":"bagas"}
{"level":"info","timestamp":"2025-01-23T23:53:05.650+0700","caller":"/home/pebble/Projects/gofood-clone/handler/user_handler.go:91","message":"User fetched","Username":"bagas"}
{"level":"info","timestamp":"2025-01-23T23:53:12.462+0700","caller":"/home/pebble/Projects/gofood-clone/repository/user_repository.go:66","message":"User fetched","Username":"bagas"}
{"level":"info","timestamp":"2025-01-23T23:53:12.462+0700","caller":"/home/pebble/Projects/gofood-clone/handler/user_handler.go:91","message":"User fetched","Username":"bagas"}
{"level":"info","timestamp":"2025-01-23T23:53:13.580+0700","caller":"/home/pebble/Projects/gofood-clone/repository/user_repository.go:66","message":"User fetched","Username":"bagas"}
{"level":"info","timestamp":"2025-01-23T23:53:13.580+0700","caller":"/home/pebble/Projects/gofood-clone/handler/user_handler.go:91","message":"User fetched","Username":"bagas"}
{"level":"info","timestamp":"2025-01-28T00:23:10.336+0700","caller":"/home/pebble/Projects/gofood-clone/config/zap.go:51","message":"Logger initialized"}
{"level":"info","timestamp":"2025-01-28T00:23:10.337+0700","caller":"/home/pebble/Projects/gofood-clone/main.go:57","message":"Server is starting on :8080..."}
{"level":"info","timestamp":"2025-01-28T01:07:28.987+0700","caller":"/home/pebble/Projects/gofood-clone/config/zap.go:51","message":"Logger initialized"}
{"level":"info","timestamp":"2025-01-28T01:07:28.988+0700","caller":"/home/pebble/Projects/gofood-clone/main.go:57","message":"Server is starting on :8080..."}
{"level":"warn","timestamp":"2025-01-28T01:07:39.582+0700","caller":"/home/pebble/Projects/gofood-clone/middleware/token.go:80","message":"Missing Token"}
{"level":"warn","timestamp":"2025-01-28T01:07:57.416+0700","caller":"/home/pebble/Projects/gofood-clone/middleware/token.go:80","message":"Missing Token"}
{"level":"warn","timestamp":"2025-01-28T01:07:59.931+0700","caller":"/home/pebble/Projects/gofood-clone/middleware/token.go:80","message":"Missing Token"}
{"level":"warn","timestamp":"2025-01-28T01:08:01.000+0700","caller":"/home/pebble/Projects/gofood-clone/middleware/token.go:80","message":"Missing Token"}
{"level":"warn","timestamp":"2025-01-28T01:09:01.558+0700","caller":"/home/pebble/Projects/gofood-clone/middleware/token.go:80","message":"Missing Token"}
{"level":"warn","timestamp":"2025-01-28T01:09:02.461+0700","caller":"/home/pebble/Projects/gofood-clone/middleware/token.go:80","message":"Missing Token"}
{"level":"warn","timestamp":"2025-01-28T01:09:02.655+0700","caller":"/home/pebble/Projects/gofood-clone/middleware/token.go:80","message":"Missing Token"}
{"level":"warn","timestamp":"2025-01-28T01:09:24.148+0700","caller":"/home/pebble/Projects/gofood-clone/middleware/token.go:80","message":"Missing Token"}
{"level":"warn","timestamp":"2025-01-28T01:09:30.681+0700","caller":"/home/pebble/Projects/gofood-clone/middleware/token.go:80","message":"Missing Token"}
{"level":"warn","timestamp":"2025-01-28T01:09:32.242+0700","caller":"/home/pebble/Projects/gofood-clone/middleware/token.go:80","message":"Missing Token"}
{"level":"warn","timestamp":"2025-01-28T01:09:33.192+0700","caller":"/home/pebble/Projects/gofood-clone/middleware/token.go:80","message":"Missing Token"}
{"level":"info","timestamp":"2025-01-28T01:13:02.141+0700","caller":"/home/pebble/Projects/gofood-clone/main.go:64","message":"Server is shutting down..."}
{"level":"info","timestamp":"2025-01-28T01:13:02.141+0700","caller":"/home/pebble/Projects/gofood-clone/main.go:73","message":"Server exited gracefully"}
{"level":"info","timestamp":"2025-01-28T01:13:05.276+0700","caller":"/home/pebble/Projects/gofood-clone/config/zap.go:51","message":"Logger initialized"}
{"level":"info","timestamp":"2025-01-28T01:13:05.277+0700","caller":"/home/pebble/Projects/gofood-clone/main.go:57","message":"Server is starting on :8080..."}
{"level":"error","timestamp":"2025-01-28T01:13:10.869+0700","caller":"/home/pebble/Projects/gofood-clone/handler/user_handler.go:40","message":"bad request","error":"bad request","stacktrace":"github.com/bagasadiii/gofood-clone/handler.(*UserHandler).RegisterHandler\n\t/home/pebble/Projects/gofood-clone/handler/user_handler.go:40\nnet/http.HandlerFunc.ServeHTTP\n\t/usr/lib/go/src/net/http/server.go:2220\ngithub.com/gorilla/mux.(*Router).ServeHTTP\n\t/home/pebble/go/pkg/mod/github.com/gorilla/mux@v1.8.1/mux.go:212\nnet/http.serverHandler.ServeHTTP\n\t/usr/lib/go/src/net/http/server.go:3210\nnet/http.(*conn).serve\n\t/usr/lib/go/src/net/http/server.go:2092"}
{"level":"warn","timestamp":"2025-01-28T01:14:33.137+0700","caller":"/home/pebble/Projects/gofood-clone/service/user_service.go:44","message":"bad request","Request":{"username":"admin","email":"bagasadisusetyo@gmail.com","password":"Bagas_1931","role":"driver","phone":"62837481932"}}
{"level":"warn","timestamp":"2025-01-28T01:15:45.563+0700","caller":"/home/pebble/Projects/gofood-clone/service/user_service.go:44","message":"bad request","Request":{"username":"admin","email":"bagasadisusetyo@gmail.com","password":"Bagas_1931","role":"driver","phone":"62837481932"}}
{"level":"warn","timestamp":"2025-01-28T01:15:51.395+0700","caller":"/home/pebble/Projects/gofood-clone/service/user_service.go:44","message":"bad request","Request":{"username":"admin","email":"bagasadisusetyo2@gmail.com","password":"Bagas_1931","role":"driver","phone":"62837481932"}}
{"level":"warn","timestamp":"2025-01-28T01:16:21.247+0700","caller":"/home/pebble/Projects/gofood-clone/service/user_service.go:44","message":"bad request","Request":{"username":"admin","email":"bagasadisusetyo2@gmail.com","password":"Bagas_1931","role":"driver","phone":"082837481932"}}
{"level":"info","timestamp":"2025-01-28T01:17:37.254+0700","caller":"/home/pebble/Projects/gofood-clone/main.go:64","message":"Server is shutting down..."}
{"level":"info","timestamp":"2025-01-28T01:17:37.254+0700","caller":"/home/pebble/Projects/gofood-clone/main.go:73","message":"Server exited gracefully"}
{"level":"info","timestamp":"2025-01-28T01:17:40.151+0700","caller":"/home/pebble/Projects/gofood-clone/config/zap.go:51","message":"Logger initialized"}
{"level":"info","timestamp":"2025-01-28T01:17:40.152+0700","caller":"/home/pebble/Projects/gofood-clone/main.go:57","message":"Server is starting on :8080..."}
{"level":"warn","timestamp":"2025-01-28T01:17:42.215+0700","caller":"/home/pebble/Projects/gofood-clone/service/user_service.go:44","message":"bad request","error":""}
{"level":"info","timestamp":"2025-01-28T01:18:50.103+0700","caller":"/home/pebble/Projects/gofood-clone/main.go:64","message":"Server is shutting down..."}
{"level":"info","timestamp":"2025-01-28T01:18:50.104+0700","caller":"/home/pebble/Projects/gofood-clone/main.go:73","message":"Server exited gracefully"}
{"level":"info","timestamp":"2025-01-28T01:18:51.587+0700","caller":"/home/pebble/Projects/gofood-clone/config/zap.go:51","message":"Logger initialized"}
{"level":"info","timestamp":"2025-01-28T01:18:51.588+0700","caller":"/home/pebble/Projects/gofood-clone/main.go:57","message":"Server is starting on :8080..."}
{"level":"info","timestamp":"2025-01-28T01:22:57.975+0700","caller":"/home/pebble/Projects/gofood-clone/main.go:64","message":"Server is shutting down..."}
{"level":"info","timestamp":"2025-01-28T01:22:57.975+0700","caller":"/home/pebble/Projects/gofood-clone/main.go:73","message":"Server exited gracefully"}
{"level":"info","timestamp":"2025-01-28T01:22:59.807+0700","caller":"/home/pebble/Projects/gofood-clone/config/zap.go:51","message":"Logger initialized"}
{"level":"info","timestamp":"2025-01-28T01:22:59.807+0700","caller":"/home/pebble/Projects/gofood-clone/main.go:57","message":"Server is starting on :8080..."}
{"level":"warn","timestamp":"2025-01-28T01:23:03.160+0700","caller":"/home/pebble/Projects/gofood-clone/service/user_service.go:44","message":"bad request","error":""}
{"level":"info","timestamp":"2025-01-28T13:40:47.364+0700","caller":"/home/pebble/Projects/gofood-clone/config/zap.go:51","message":"Logger initialized"}
{"level":"info","timestamp":"2025-01-28T13:40:47.365+0700","caller":"/home/pebble/Projects/gofood-clone/main.go:57","message":"Server is starting on :8080..."}
{"level":"info","timestamp":"2025-01-28T13:44:04.411+0700","caller":"/home/pebble/Projects/gofood-clone/config/zap.go:51","message":"Logger initialized"}
{"level":"info","timestamp":"2025-01-28T13:44:04.412+0700","caller":"/home/pebble/Projects/gofood-clone/main.go:57","message":"Server is starting on :8080..."}
{"level":"error","timestamp":"2025-01-28T13:44:14.836+0700","caller":"/home/pebble/Projects/gofood-clone/service/user_service.go:44","message":"bad request","error":"validation error: \nField 'Phone' is e164","stacktrace":"github.com/bagasadiii/gofood-clone/service.(*UserService).RegisterService\n\t/home/pebble/Projects/gofood-clone/service/user_service.go:44\ngithub.com/bagasadiii/gofood-clone/handler.(*UserHandler).RegisterHandler\n\t/home/pebble/Projects/gofood-clone/handler/user_handler.go:44\nnet/http.HandlerFunc.ServeHTTP\n\t/usr/lib/go/src/net/http/server.go:2220\ngithub.com/gorilla/mux.(*Router).ServeHTTP\n\t/home/pebble/go/pkg/mod/github.com/gorilla/mux@v1.8.1/mux.go:212\nnet/http.serverHandler.ServeHTTP\n\t/usr/lib/go/src/net/http/server.go:3210\nnet/http.(*conn).serve\n\t/usr/lib/go/src/net/http/server.go:2092"}
{"level":"error","timestamp":"2025-01-28T13:44:33.039+0700","caller":"/home/pebble/Projects/gofood-clone/service/user_service.go:44","message":"bad request","error":"validation error: \nField 'Phone' is e164","stacktrace":"github.com/bagasadiii/gofood-clone/service.(*UserService).RegisterService\n\t/home/pebble/Projects/gofood-clone/service/user_service.go:44\ngithub.com/bagasadiii/gofood-clone/handler.(*UserHandler).RegisterHandler\n\t/home/pebble/Projects/gofood-clone/handler/user_handler.go:44\nnet/http.HandlerFunc.ServeHTTP\n\t/usr/lib/go/src/net/http/server.go:2220\ngithub.com/gorilla/mux.(*Router).ServeHTTP\n\t/home/pebble/go/pkg/mod/github.com/gorilla/mux@v1.8.1/mux.go:212\nnet/http.serverHandler.ServeHTTP\n\t/usr/lib/go/src/net/http/server.go:3210\nnet/http.(*conn).serve\n\t/usr/lib/go/src/net/http/server.go:2092"}
{"level":"info","timestamp":"2025-01-28T13:45:35.286+0700","caller":"/home/pebble/Projects/gofood-clone/main.go:64","message":"Server is shutting down..."}
{"level":"info","timestamp":"2025-01-28T13:45:35.287+0700","caller":"/home/pebble/Projects/gofood-clone/main.go:73","message":"Server exited gracefully"}
{"level":"info","timestamp":"2025-01-28T13:45:40.654+0700","caller":"/home/pebble/Projects/gofood-clone/config/zap.go:51","message":"Logger initialized"}
{"level":"info","timestamp":"2025-01-28T13:45:40.655+0700","caller":"/home/pebble/Projects/gofood-clone/main.go:57","message":"Server is starting on :8080..."}
{"level":"error","timestamp":"2025-01-28T13:45:49.427+0700","caller":"/home/pebble/Projects/gofood-clone/service/user_service.go:44","message":"bad request","error":"validation error: Field 'Phone' is e164","stacktrace":"github.com/bagasadiii/gofood-clone/service.(*UserService).RegisterService\n\t/home/pebble/Projects/gofood-clone/service/user_service.go:44\ngithub.com/bagasadiii/gofood-clone/handler.(*UserHandler).RegisterHandler\n\t/home/pebble/Projects/gofood-clone/handler/user_handler.go:44\nnet/http.HandlerFunc.ServeHTTP\n\t/usr/lib/go/src/net/http/server.go:2220\ngithub.com/gorilla/mux.(*Router).ServeHTTP\n\t/home/pebble/go/pkg/mod/github.com/gorilla/mux@v1.8.1/mux.go:212\nnet/http.serverHandler.ServeHTTP\n\t/usr/lib/go/src/net/http/server.go:3210\nnet/http.(*conn).serve\n\t/usr/lib/go/src/net/http/server.go:2092"}
{"level":"info","timestamp":"2025-01-28T13:46:18.067+0700","caller":"/home/pebble/Projects/gofood-clone/main.go:64","message":"Server is shutting down..."}
{"level":"info","timestamp":"2025-01-28T13:46:18.068+0700","caller":"/home/pebble/Projects/gofood-clone/main.go:73","message":"Server exited gracefully"}
{"level":"info","timestamp":"2025-01-28T13:46:21.129+0700","caller":"/home/pebble/Projects/gofood-clone/config/zap.go:51","message":"Logger initialized"}
{"level":"info","timestamp":"2025-01-28T13:46:21.130+0700","caller":"/home/pebble/Projects/gofood-clone/main.go:57","message":"Server is starting on :8080..."}
{"level":"info","timestamp":"2025-01-28T13:49:25.944+0700","caller":"/home/pebble/Projects/gofood-clone/main.go:64","message":"Server is shutting down..."}
{"level":"info","timestamp":"2025-01-28T13:49:25.946+0700","caller":"/home/pebble/Projects/gofood-clone/main.go:73","message":"Server exited gracefully"}
{"level":"info","timestamp":"2025-01-28T13:49:28.580+0700","caller":"/home/pebble/Projects/gofood-clone/config/zap.go:51","message":"Logger initialized"}
{"level":"info","timestamp":"2025-01-28T13:49:28.581+0700","caller":"/home/pebble/Projects/gofood-clone/main.go:57","message":"Server is starting on :8080..."}
{"level":"warn","timestamp":"2025-01-28T13:49:41.943+0700","caller":"/home/pebble/Projects/gofood-clone/repository/user_repository.go:42","message":"username or email already exists","username":"admin"}
{"level":"info","timestamp":"2025-01-28T14:44:05.586+0700","caller":"/home/pebble/Projects/gofood-clone/handler/user_handler.go:49","message":"Created","User registered":"admin"}
{"level":"info","timestamp":"2025-01-28T14:45:25.309+0700","caller":"/home/pebble/Projects/gofood-clone/main.go:64","message":"Server is shutting down..."}
{"level":"info","timestamp":"2025-01-28T14:45:25.310+0700","caller":"/home/pebble/Projects/gofood-clone/main.go:73","message":"Server exited gracefully"}
{"level":"info","timestamp":"2025-01-28T14:45:28.023+0700","caller":"/home/pebble/Projects/gofood-clone/config/zap.go:51","message":"Logger initialized"}
{"level":"info","timestamp":"2025-01-28T14:45:28.024+0700","caller":"/home/pebble/Projects/gofood-clone/main.go:57","message":"Server is starting on :8080..."}
{"level":"info","timestamp":"2025-01-28T14:46:29.897+0700","caller":"/home/pebble/Projects/gofood-clone/handler/user_handler.go:76","message":"OK","User logged in":"admin"}
{"level":"info","timestamp":"2025-01-28T15:02:02.923+0700","caller":"/home/pebble/Projects/gofood-clone/config/zap.go:51","message":"Logger initialized"}
{"level":"info","timestamp":"2025-01-28T15:02:02.924+0700","caller":"/home/pebble/Projects/gofood-clone/main.go:57","message":"Server is starting on :8080..."}
{"level":"info","timestamp":"2025-01-28T15:02:13.244+0700","caller":"/home/pebble/Projects/gofood-clone/handler/user_handler.go:76","message":"OK","User logged in":"admin"}
{"level":"info","timestamp":"2025-01-28T15:05:23.876+0700","caller":"/home/pebble/Projects/gofood-clone/main.go:64","message":"Server is shutting down..."}
{"level":"info","timestamp":"2025-01-28T15:05:23.877+0700","caller":"/home/pebble/Projects/gofood-clone/main.go:73","message":"Server exited gracefully"}
{"level":"info","timestamp":"2025-01-28T15:05:27.240+0700","caller":"/home/pebble/Projects/gofood-clone/config/zap.go:51","message":"Logger initialized"}
{"level":"info","timestamp":"2025-01-28T15:05:27.241+0700","caller":"/home/pebble/Projects/gofood-clone/main.go:57","message":"Server is starting on :8080..."}
{"level":"info","timestamp":"2025-01-28T15:06:36.068+0700","caller":"/home/pebble/Projects/gofood-clone/main.go:64","message":"Server is shutting down..."}
{"level":"info","timestamp":"2025-01-28T15:06:36.068+0700","caller":"/home/pebble/Projects/gofood-clone/main.go:73","message":"Server exited gracefully"}
{"level":"info","timestamp":"2025-01-28T15:06:52.083+0700","caller":"/home/pebble/Projects/gofood-clone/config/zap.go:51","message":"Logger initialized"}
{"level":"info","timestamp":"2025-01-28T15:06:52.084+0700","caller":"/home/pebble/Projects/gofood-clone/main.go:57","message":"Server is starting on :8080..."}
{"level":"info","timestamp":"2025-01-28T15:07:03.433+0700","caller":"/home/pebble/Projects/gofood-clone/middleware/token.go:94","message":"Success","user":"context.Background.WithValue(net/http context value http-server, *http.Server).WithValue(net/http context value local-addr, [::1]:8080).WithCancel.WithCancel.WithValue(mux.contextKey, map[string]string).WithValue(mux.contextKey, *mux.Route).WithValue(utils.ctxKey, 7a79e9c0-185e-4c64-ab1b-32b4d65c1a60).WithValue(utils.ctxKey, admin).WithValue(utils.ctxKey, driver)"}
{"level":"info","timestamp":"2025-01-28T15:07:03.456+0700","caller":"/home/pebble/Projects/gofood-clone/handler/driver_handler.go:45","message":"Driver created","name":"New Admin"}
{"level":"info","timestamp":"2025-01-28T15:15:23.752+0700","caller":"/home/pebble/Projects/gofood-clone/main.go:64","message":"Server is shutting down..."}
{"level":"info","timestamp":"2025-01-28T15:15:23.753+0700","caller":"/home/pebble/Projects/gofood-clone/main.go:73","message":"Server exited gracefully"}
{"level":"info","timestamp":"2025-01-28T15:16:41.042+0700","caller":"/home/pebble/Projects/gofood-clone/config/zap.go:51","message":"Logger initialized"}
{"level":"info","timestamp":"2025-01-28T15:16:41.043+0700","caller":"/home/pebble/Projects/gofood-clone/main.go:57","message":"Server is starting on :8080..."}
{"level":"info","timestamp":"2025-01-28T15:16:45.926+0700","caller":"/home/pebble/Projects/gofood-clone/middleware/token.go:94","message":"Success","user":"context.Background.WithValue(net/http context value http-server, *http.Server).WithValue(net/http context value local-addr, [::1]:8080).WithCancel.WithCancel.WithValue(mux.contextKey, map[string]string).WithValue(mux.contextKey, *mux.Route).WithValue(utils.ctxKey, 7a79e9c0-185e-4c64-ab1b-32b4d65c1a60).WithValue(utils.ctxKey, admin).WithValue(utils.ctxKey, driver)"}
{"level":"warn","timestamp":"2025-01-28T15:16:45.932+0700","caller":"/home/pebble/Projects/gofood-clone/repository/driver_repository.go:41","message":"username or email already exists","Merchant exists":"New Admin"}
{"level":"info","timestamp":"2025-01-28T15:19:33.560+0700","caller":"/home/pebble/Projects/gofood-clone/main.go:64","message":"Server is shutting down..."}
{"level":"info","timestamp":"2025-01-28T15:19:33.560+0700","caller":"/home/pebble/Projects/gofood-clone/main.go:73","message":"Server exited gracefully"}
